[debug] > Exec(;set _root_.scala.collection.Seq(historyPath := None,shellPrompt := { _ => "" },SettingKey[_root_.scala.Option[_root_.sbt.File]]("sbtStructureOutputFile") in _root_.sbt.Global := _root_.scala.Some(_root_.sbt.file("/private/var/folders/q9/n8qjb0qj1rvfl_xnzh1pwj5rx6n2y5/T/sbt-structure.xml")),SettingKey[_root_.java.lang.String]("sbtStructureOptions") in _root_.sbt.Global := "download, resolveClassifiers");apply -cp "/Users/zexi.zeng/Library/Application Support/JetBrains/IdeaIC2021.2/plugins/Scala/repo/org/jetbrains/scala/sbt-structure-extractor_2.12_1.0/2021.1.1/sbt-structure-extractor-2021.1.1.jar" org.jetbrains.sbt.CreateTasks;*/*:dumpStructure, Some(1675c9d1-3b1b-4bc4-ae64-503cbb45a50f), Some(CommandSource(console0)))
[debug] > Exec(set _root_.scala.collection.Seq(historyPath := None,shellPrompt := { _ => "" },SettingKey[_root_.scala.Option[_root_.sbt.File]]("sbtStructureOutputFile") in _root_.sbt.Global := _root_.scala.Some(_root_.sbt.file("/private/var/folders/q9/n8qjb0qj1rvfl_xnzh1pwj5rx6n2y5/T/sbt-structure.xml")),SettingKey[_root_.java.lang.String]("sbtStructureOptions") in _root_.sbt.Global := "download, resolveClassifiers"), None, Some(CommandSource(console0)))
[info] Defining Global / sbtStructureOptions, Global / sbtStructureOutputFile and 1 others.
[info] The new values will be used by cleanKeepGlobs
[info] 	Run `last` for details.
[debug] Defining 
[debug] 	Global / sbtStructureOptions
[debug] 	Global / sbtStructureOutputFile
[debug] 	history
[debug] 	shellPrompt
[debug] 
[debug] The new values will be used by 
[debug] 	cleanKeepGlobs
[info] Reapplying settings...
[info] set current project to zexi-scala-beginners (in build file:/Users/zexi.zeng/Documents/Personal/Self_Learn/zexi-scala-beginners/)
[debug] > Exec(apply -cp "/Users/zexi.zeng/Library/Application Support/JetBrains/IdeaIC2021.2/plugins/Scala/repo/org/jetbrains/scala/sbt-structure-extractor_2.12_1.0/2021.1.1/sbt-structure-extractor-2021.1.1.jar" org.jetbrains.sbt.CreateTasks, None, Some(CommandSource(console0)))
[info] Applying State transformations org.jetbrains.sbt.CreateTasks from /Users/zexi.zeng/Library/Application Support/JetBrains/IdeaIC2021.2/plugins/Scala/repo/org/jetbrains/scala/sbt-structure-extractor_2.12_1.0/2021.1.1/sbt-structure-extractor-2021.1.1.jar
[info] Reapplying settings...
[info] set current project to zexi-scala-beginners (in build file:/Users/zexi.zeng/Documents/Personal/Self_Learn/zexi-scala-beginners/)
[debug] > Exec(*/*:dumpStructure, None, Some(CommandSource(console0)))
[debug] Evaluating tasks: Global / dumpStructure
[warn] sbt 0.13 shell syntax is deprecated; use slash syntax instead: Global / dumpStructure
[debug] Running task... Cancel: Signal, check cycles: false, forcegc: true
[info] shutting down sbt server
